2021-05-06 15:14:17.438 [main] INFO  com.backinfile.seam.CommandlineClientLauncher.main(CommandlineClientLauncher.java:13) - 消息注册中...
2021-05-06 15:14:17.534 [main] INFO  com.backinfile.seam.CommandlineClientLauncher.main(CommandlineClientLauncher.java:16) - 事件注册中...
2021-05-06 15:14:17.585 [main] INFO  com.backinfile.seam.CommandlineClientLauncher.main(CommandlineClientLauncher.java:19) - 序列化注册中...
2021-05-06 15:14:17.615 [main] INFO  com.backinfile.seam.CommandlineClientLauncher.main(CommandlineClientLauncher.java:22) - 客户端启动中...
2021-05-06 15:14:17.764 [Thread-0] INFO  com.backinfile.core.net.netty.Client.startClient(Client.java:51) - start connect:9660
2021-05-06 15:14:18.908 [nioEventLoopGroup-2-1] ERROR com.backinfile.core.net.netty.ExceptionHandler$1.operationComplete(ExceptionHandler.java:28) - connect failed
2021-05-06 15:17:41.420 [main] INFO  com.backinfile.seam.CommandlineClientLauncher.main(CommandlineClientLauncher.java:13) - 消息注册中...
2021-05-06 15:17:41.497 [main] INFO  com.backinfile.seam.CommandlineClientLauncher.main(CommandlineClientLauncher.java:16) - 事件注册中...
2021-05-06 15:17:41.544 [main] INFO  com.backinfile.seam.CommandlineClientLauncher.main(CommandlineClientLauncher.java:19) - 序列化注册中...
2021-05-06 15:17:41.575 [main] INFO  com.backinfile.seam.CommandlineClientLauncher.main(CommandlineClientLauncher.java:22) - 客户端启动中...
2021-05-06 15:17:41.694 [Thread-0] INFO  com.backinfile.core.net.netty.Client.startClient(Client.java:59) - start connect:9660
2021-05-06 15:17:42.820 [nioEventLoopGroup-2-1] ERROR com.backinfile.core.net.netty.ExceptionHandler$1.operationComplete(ExceptionHandler.java:28) - connect failed
2021-05-06 15:24:40.341 [main] INFO  com.backinfile.seam.CommandlineClientLauncher.main(CommandlineClientLauncher.java:13) - 消息注册中...
2021-05-06 15:24:40.419 [main] INFO  com.backinfile.seam.CommandlineClientLauncher.main(CommandlineClientLauncher.java:16) - 事件注册中...
2021-05-06 15:24:40.465 [main] INFO  com.backinfile.seam.CommandlineClientLauncher.main(CommandlineClientLauncher.java:19) - 序列化注册中...
2021-05-06 15:24:40.496 [main] INFO  com.backinfile.seam.CommandlineClientLauncher.main(CommandlineClientLauncher.java:22) - 客户端启动中...
2021-05-06 15:24:40.608 [Thread-0] INFO  com.backinfile.core.net.netty.Client.startClient(Client.java:57) - start connect:9660
2021-05-06 15:24:40.731 [nioEventLoopGroup-2-1] INFO  com.backinfile.core.net.netty.ClientHandler.channelActive(ClientHandler.java:14) - channelActive
2021-05-06 15:24:40.732 [Thread-0] INFO  com.backinfile.core.net.netty.Client.startClient(Client.java:60) - connect: 127.0.0.1:9660
2021-05-06 16:19:08.713 [main] INFO  com.backinfile.seam.CommandlineClientLauncher.main(CommandlineClientLauncher.java:15) - 消息注册中...
2021-05-06 16:19:08.787 [main] INFO  com.backinfile.seam.CommandlineClientLauncher.main(CommandlineClientLauncher.java:18) - 事件注册中...
2021-05-06 16:19:08.835 [main] INFO  com.backinfile.seam.CommandlineClientLauncher.main(CommandlineClientLauncher.java:21) - 序列化注册中...
2021-05-06 16:19:08.868 [main] INFO  com.backinfile.seam.CommandlineClientLauncher.main(CommandlineClientLauncher.java:24) - 客户端启动中...
2021-05-06 16:19:08.984 [Thread-0] INFO  com.backinfile.core.net.netty.Client.startClient(Client.java:58) - start connect:9660
2021-05-06 16:19:09.107 [nioEventLoopGroup-2-1] INFO  com.backinfile.core.net.netty.ClientHandler.channelActive(ClientHandler.java:14) - channelActive
2021-05-06 16:19:09.107 [Thread-0] INFO  com.backinfile.core.net.netty.Client.startClient(Client.java:61) - connected: 127.0.0.1:9660
2021-05-06 16:25:14.752 [main] INFO  com.backinfile.seam.CommandlineClientLauncher.main(CommandlineClientLauncher.java:15) - 消息注册中...
2021-05-06 16:25:14.827 [main] INFO  com.backinfile.seam.CommandlineClientLauncher.main(CommandlineClientLauncher.java:18) - 事件注册中...
2021-05-06 16:25:14.875 [main] INFO  com.backinfile.seam.CommandlineClientLauncher.main(CommandlineClientLauncher.java:21) - 序列化注册中...
2021-05-06 16:25:14.909 [main] INFO  com.backinfile.seam.CommandlineClientLauncher.main(CommandlineClientLauncher.java:24) - 客户端启动中...
2021-05-06 16:25:15.025 [Thread-0] INFO  com.backinfile.core.net.netty.Client.startClient(Client.java:58) - start connect:9660
2021-05-06 16:25:15.154 [nioEventLoopGroup-2-1] INFO  com.backinfile.core.net.netty.ClientHandler.channelActive(ClientHandler.java:14) - channelActive
2021-05-06 16:25:15.160 [Thread-0] INFO  com.backinfile.core.net.netty.Client.startClient(Client.java:61) - connected: 127.0.0.1:9660
2021-05-06 16:30:20.180 [nioEventLoopGroup-2-1] WARN  io.netty.channel.DefaultChannelPipeline.onUnhandledInboundException(DefaultChannelPipeline.java:1163) - An exceptionCaught() event was fired, and it reached at the tail of the pipeline. It usually means the last handler in the pipeline did not handle the exception.
java.io.IOException: 杩绋涓绘哄己杩抽浜涓涓版杩ャ?
	at sun.nio.ch.SocketDispatcher.read0(Native Method) ~[?:?]
	at sun.nio.ch.SocketDispatcher.read(Unknown Source) ~[?:?]
	at sun.nio.ch.IOUtil.readIntoNativeBuffer(Unknown Source) ~[?:?]
	at sun.nio.ch.IOUtil.read(Unknown Source) ~[?:?]
	at sun.nio.ch.IOUtil.read(Unknown Source) ~[?:?]
	at sun.nio.ch.SocketChannelImpl.read(Unknown Source) ~[?:?]
	at io.netty.buffer.PooledUnsafeDirectByteBuf.setBytes(PooledUnsafeDirectByteBuf.java:288) ~[netty-all-4.1.33.Final.jar:4.1.33.Final]
	at io.netty.buffer.AbstractByteBuf.writeBytes(AbstractByteBuf.java:1132) ~[netty-all-4.1.33.Final.jar:4.1.33.Final]
	at io.netty.channel.socket.nio.NioSocketChannel.doReadBytes(NioSocketChannel.java:347) ~[netty-all-4.1.33.Final.jar:4.1.33.Final]
	at io.netty.channel.nio.AbstractNioByteChannel$NioByteUnsafe.read(AbstractNioByteChannel.java:148) [netty-all-4.1.33.Final.jar:4.1.33.Final]
	at io.netty.channel.nio.NioEventLoop.processSelectedKey(NioEventLoop.java:677) [netty-all-4.1.33.Final.jar:4.1.33.Final]
	at io.netty.channel.nio.NioEventLoop.processSelectedKeysOptimized(NioEventLoop.java:612) [netty-all-4.1.33.Final.jar:4.1.33.Final]
	at io.netty.channel.nio.NioEventLoop.processSelectedKeys(NioEventLoop.java:529) [netty-all-4.1.33.Final.jar:4.1.33.Final]
	at io.netty.channel.nio.NioEventLoop.run(NioEventLoop.java:491) [netty-all-4.1.33.Final.jar:4.1.33.Final]
	at io.netty.util.concurrent.SingleThreadEventExecutor$5.run(SingleThreadEventExecutor.java:905) [netty-all-4.1.33.Final.jar:4.1.33.Final]
	at io.netty.util.concurrent.FastThreadLocalRunnable.run(FastThreadLocalRunnable.java:30) [netty-all-4.1.33.Final.jar:4.1.33.Final]
	at java.lang.Thread.run(Unknown Source) [?:?]
2021-05-06 16:30:20.186 [nioEventLoopGroup-2-1] ERROR com.backinfile.core.net.netty.ExceptionHandler.exceptionCaught(ExceptionHandler.java:18) - exceptionCaught 杩绋涓绘哄己杩抽浜涓涓版杩ャ?
2021-05-06 16:30:20.193 [nioEventLoopGroup-2-1] INFO  com.backinfile.core.net.netty.ClientHandler.exceptionCaught(ClientHandler.java:35) - exceptionCaught
2021-05-06 16:30:20.203 [nioEventLoopGroup-2-1] INFO  com.backinfile.core.net.netty.ClientHandler.channelInactive(ClientHandler.java:21) - channelInactive
