2021-05-07 14:23:57.472 [main] INFO  com.backinfile.seam.CommandlineClientLauncher.main(CommandlineClientLauncher.java:16) - 消息注册中...
2021-05-07 14:23:57.552 [main] INFO  com.backinfile.seam.CommandlineClientLauncher.main(CommandlineClientLauncher.java:19) - 事件注册中...
2021-05-07 14:23:57.597 [main] INFO  com.backinfile.seam.CommandlineClientLauncher.main(CommandlineClientLauncher.java:22) - 序列化注册中...
2021-05-07 14:23:57.628 [main] INFO  com.backinfile.seam.CommandlineClientLauncher.main(CommandlineClientLauncher.java:25) - 客户端启动中...
2021-05-07 14:23:57.743 [Thread-0] INFO  com.backinfile.core.net.netty.Client.startClient(Client.java:58) - start connect:9660
2021-05-07 14:23:57.860 [nioEventLoopGroup-2-1] INFO  com.backinfile.core.net.netty.ClientHandler.channelActive(ClientHandler.java:14) - channelActive
2021-05-07 14:23:57.875 [Thread-0] INFO  com.backinfile.core.net.netty.Client.startClient(Client.java:61) - connected: 127.0.0.1:9660
2021-05-07 14:24:30.742 [nioEventLoopGroup-2-1] WARN  io.netty.channel.DefaultChannelPipeline.onUnhandledInboundException(DefaultChannelPipeline.java:1163) - An exceptionCaught() event was fired, and it reached at the tail of the pipeline. It usually means the last handler in the pipeline did not handle the exception.
java.io.IOException: 杩绋涓绘哄己杩抽浜涓涓版杩ャ?
	at sun.nio.ch.SocketDispatcher.read0(Native Method) ~[?:?]
	at sun.nio.ch.SocketDispatcher.read(Unknown Source) ~[?:?]
	at sun.nio.ch.IOUtil.readIntoNativeBuffer(Unknown Source) ~[?:?]
	at sun.nio.ch.IOUtil.read(Unknown Source) ~[?:?]
	at sun.nio.ch.IOUtil.read(Unknown Source) ~[?:?]
	at sun.nio.ch.SocketChannelImpl.read(Unknown Source) ~[?:?]
	at io.netty.buffer.PooledUnsafeDirectByteBuf.setBytes(PooledUnsafeDirectByteBuf.java:288) ~[netty-all-4.1.33.Final.jar:4.1.33.Final]
	at io.netty.buffer.AbstractByteBuf.writeBytes(AbstractByteBuf.java:1132) ~[netty-all-4.1.33.Final.jar:4.1.33.Final]
	at io.netty.channel.socket.nio.NioSocketChannel.doReadBytes(NioSocketChannel.java:347) ~[netty-all-4.1.33.Final.jar:4.1.33.Final]
	at io.netty.channel.nio.AbstractNioByteChannel$NioByteUnsafe.read(AbstractNioByteChannel.java:148) [netty-all-4.1.33.Final.jar:4.1.33.Final]
	at io.netty.channel.nio.NioEventLoop.processSelectedKey(NioEventLoop.java:677) [netty-all-4.1.33.Final.jar:4.1.33.Final]
	at io.netty.channel.nio.NioEventLoop.processSelectedKeysOptimized(NioEventLoop.java:612) [netty-all-4.1.33.Final.jar:4.1.33.Final]
	at io.netty.channel.nio.NioEventLoop.processSelectedKeys(NioEventLoop.java:529) [netty-all-4.1.33.Final.jar:4.1.33.Final]
	at io.netty.channel.nio.NioEventLoop.run(NioEventLoop.java:491) [netty-all-4.1.33.Final.jar:4.1.33.Final]
	at io.netty.util.concurrent.SingleThreadEventExecutor$5.run(SingleThreadEventExecutor.java:905) [netty-all-4.1.33.Final.jar:4.1.33.Final]
	at io.netty.util.concurrent.FastThreadLocalRunnable.run(FastThreadLocalRunnable.java:30) [netty-all-4.1.33.Final.jar:4.1.33.Final]
	at java.lang.Thread.run(Unknown Source) [?:?]
2021-05-07 14:24:30.750 [nioEventLoopGroup-2-1] ERROR com.backinfile.core.net.netty.ExceptionHandler.exceptionCaught(ExceptionHandler.java:18) - exceptionCaught 杩绋涓绘哄己杩抽浜涓涓版杩ャ?
2021-05-07 14:24:30.751 [nioEventLoopGroup-2-1] INFO  com.backinfile.core.net.netty.ClientHandler.exceptionCaught(ClientHandler.java:35) - exceptionCaught
2021-05-07 14:24:30.758 [nioEventLoopGroup-2-1] INFO  com.backinfile.core.net.netty.ClientHandler.channelInactive(ClientHandler.java:21) - channelInactive
2021-05-07 15:47:01.756 [main] INFO  com.backinfile.knightProj.seam.CommandlineClientLauncher.main(CommandlineClientLauncher.java:16) - 消息注册中...
2021-05-07 15:48:58.560 [main] INFO  com.backinfile.knightProj.seam.CommandlineClientLauncher.main(CommandlineClientLauncher.java:16) - 消息注册中...
2021-05-07 15:53:32.940 [main] INFO  com.backinfile.knightProj.seam.CommandlineClientLauncher.main(CommandlineClientLauncher.java:16) - 消息注册中...
2021-05-07 15:54:25.067 [main] INFO  com.backinfile.knightProj.seam.CommandlineClientLauncher.main(CommandlineClientLauncher.java:16) - 消息注册中...
2021-05-07 15:57:03.339 [main] INFO  com.backinfile.knightProj.seam.CommandlineClientLauncher.main(CommandlineClientLauncher.java:16) - 消息注册中...
2021-05-07 15:57:03.430 [main] INFO  org.reflections.Reflections.scan(Reflections.java:229) - Reflections took 65 ms to scan 1 urls, producing 53 keys and 176 values 
2021-05-07 15:57:03.437 [main] INFO  com.backinfile.knightProj.seam.CommandlineClientLauncher.main(CommandlineClientLauncher.java:19) - 事件注册中...
2021-05-07 15:57:03.438 [main] INFO  com.backinfile.knightProj.seam.CommandlineClientLauncher.main(CommandlineClientLauncher.java:22) - 序列化注册中...
2021-05-07 15:57:03.442 [main] INFO  com.backinfile.knightProj.seam.CommandlineClientLauncher.main(CommandlineClientLauncher.java:25) - 客户端启动中...
2021-05-07 15:57:03.562 [Thread-0] INFO  com.backinfile.knightProj.core.net.netty.Client.startClient(Client.java:58) - start connect:9660
2021-05-07 15:57:04.677 [nioEventLoopGroup-2-1] ERROR com.backinfile.knightProj.core.net.netty.ExceptionHandler$1.operationComplete(ExceptionHandler.java:28) - connect failed
2021-05-07 15:57:19.507 [main] INFO  com.backinfile.knightProj.seam.CommandlineClientLauncher.main(CommandlineClientLauncher.java:16) - 消息注册中...
2021-05-07 15:57:19.598 [main] INFO  org.reflections.Reflections.scan(Reflections.java:229) - Reflections took 66 ms to scan 1 urls, producing 53 keys and 176 values 
2021-05-07 15:57:19.606 [main] INFO  com.backinfile.knightProj.seam.CommandlineClientLauncher.main(CommandlineClientLauncher.java:19) - 事件注册中...
2021-05-07 15:57:19.608 [main] INFO  com.backinfile.knightProj.seam.CommandlineClientLauncher.main(CommandlineClientLauncher.java:22) - 序列化注册中...
2021-05-07 15:57:19.613 [main] INFO  com.backinfile.knightProj.seam.CommandlineClientLauncher.main(CommandlineClientLauncher.java:25) - 客户端启动中...
2021-05-07 15:57:19.737 [Thread-0] INFO  com.backinfile.knightProj.core.net.netty.Client.startClient(Client.java:58) - start connect:9660
2021-05-07 15:57:19.854 [nioEventLoopGroup-2-1] INFO  com.backinfile.knightProj.core.net.netty.ClientHandler.channelActive(ClientHandler.java:14) - channelActive
2021-05-07 15:57:19.854 [Thread-0] INFO  com.backinfile.knightProj.core.net.netty.Client.startClient(Client.java:61) - connected: 127.0.0.1:9660
2021-05-07 16:01:30.781 [main] INFO  com.backinfile.knightProj.seam.CommandlineClientLauncher.main(CommandlineClientLauncher.java:16) - 消息注册中...
2021-05-07 16:01:30.871 [main] INFO  org.reflections.Reflections.scan(Reflections.java:229) - Reflections took 64 ms to scan 1 urls, producing 53 keys and 176 values 
2021-05-07 16:01:30.878 [main] INFO  com.backinfile.knightProj.seam.CommandlineClientLauncher.main(CommandlineClientLauncher.java:19) - 事件注册中...
2021-05-07 16:01:30.879 [main] INFO  com.backinfile.knightProj.seam.CommandlineClientLauncher.main(CommandlineClientLauncher.java:22) - 序列化注册中...
2021-05-07 16:01:30.884 [main] INFO  com.backinfile.knightProj.seam.CommandlineClientLauncher.main(CommandlineClientLauncher.java:25) - 客户端启动中...
2021-05-07 16:01:31.006 [Thread-0] INFO  com.backinfile.knightProj.core.net.netty.Client.startClient(Client.java:58) - start connect:9660
2021-05-07 16:01:31.122 [Thread-0] INFO  com.backinfile.knightProj.core.net.netty.Client.startClient(Client.java:61) - connected: 127.0.0.1:9660
2021-05-07 16:01:31.122 [nioEventLoopGroup-2-1] INFO  com.backinfile.knightProj.core.net.netty.ClientHandler.channelActive(ClientHandler.java:14) - channelActive
2021-05-07 16:05:44.368 [nioEventLoopGroup-2-1] WARN  io.netty.channel.DefaultChannelPipeline.onUnhandledInboundException(DefaultChannelPipeline.java:1163) - An exceptionCaught() event was fired, and it reached at the tail of the pipeline. It usually means the last handler in the pipeline did not handle the exception.
java.io.IOException: 杩绋涓绘哄己杩抽浜涓涓版杩ャ?
	at sun.nio.ch.SocketDispatcher.read0(Native Method) ~[?:?]
	at sun.nio.ch.SocketDispatcher.read(Unknown Source) ~[?:?]
	at sun.nio.ch.IOUtil.readIntoNativeBuffer(Unknown Source) ~[?:?]
	at sun.nio.ch.IOUtil.read(Unknown Source) ~[?:?]
	at sun.nio.ch.IOUtil.read(Unknown Source) ~[?:?]
	at sun.nio.ch.SocketChannelImpl.read(Unknown Source) ~[?:?]
	at io.netty.buffer.PooledUnsafeDirectByteBuf.setBytes(PooledUnsafeDirectByteBuf.java:288) ~[netty-all-4.1.33.Final.jar:4.1.33.Final]
	at io.netty.buffer.AbstractByteBuf.writeBytes(AbstractByteBuf.java:1132) ~[netty-all-4.1.33.Final.jar:4.1.33.Final]
	at io.netty.channel.socket.nio.NioSocketChannel.doReadBytes(NioSocketChannel.java:347) ~[netty-all-4.1.33.Final.jar:4.1.33.Final]
	at io.netty.channel.nio.AbstractNioByteChannel$NioByteUnsafe.read(AbstractNioByteChannel.java:148) [netty-all-4.1.33.Final.jar:4.1.33.Final]
	at io.netty.channel.nio.NioEventLoop.processSelectedKey(NioEventLoop.java:677) [netty-all-4.1.33.Final.jar:4.1.33.Final]
	at io.netty.channel.nio.NioEventLoop.processSelectedKeysOptimized(NioEventLoop.java:612) [netty-all-4.1.33.Final.jar:4.1.33.Final]
	at io.netty.channel.nio.NioEventLoop.processSelectedKeys(NioEventLoop.java:529) [netty-all-4.1.33.Final.jar:4.1.33.Final]
	at io.netty.channel.nio.NioEventLoop.run(NioEventLoop.java:491) [netty-all-4.1.33.Final.jar:4.1.33.Final]
	at io.netty.util.concurrent.SingleThreadEventExecutor$5.run(SingleThreadEventExecutor.java:905) [netty-all-4.1.33.Final.jar:4.1.33.Final]
	at io.netty.util.concurrent.FastThreadLocalRunnable.run(FastThreadLocalRunnable.java:30) [netty-all-4.1.33.Final.jar:4.1.33.Final]
	at java.lang.Thread.run(Unknown Source) [?:?]
2021-05-07 16:05:44.374 [nioEventLoopGroup-2-1] ERROR com.backinfile.knightProj.core.net.netty.ExceptionHandler.exceptionCaught(ExceptionHandler.java:18) - exceptionCaught 杩绋涓绘哄己杩抽浜涓涓版杩ャ?
2021-05-07 16:05:44.376 [nioEventLoopGroup-2-1] INFO  com.backinfile.knightProj.core.net.netty.ClientHandler.exceptionCaught(ClientHandler.java:35) - exceptionCaught
2021-05-07 16:05:44.384 [nioEventLoopGroup-2-1] INFO  com.backinfile.knightProj.core.net.netty.ClientHandler.channelInactive(ClientHandler.java:21) - channelInactive
2021-05-07 16:32:11.862 [main] INFO  com.backinfile.knightProj.seam.CommandlineClientLauncher.main(CommandlineClientLauncher.java:16) - 消息注册中...
2021-05-07 16:32:11.937 [main] INFO  com.backinfile.knightProj.seam.CommandlineClientLauncher.main(CommandlineClientLauncher.java:19) - 事件注册中...
2021-05-07 16:32:11.984 [main] INFO  com.backinfile.knightProj.seam.CommandlineClientLauncher.main(CommandlineClientLauncher.java:22) - 序列化注册中...
2021-05-07 16:32:12.016 [main] INFO  com.backinfile.knightProj.seam.CommandlineClientLauncher.main(CommandlineClientLauncher.java:25) - 客户端启动中...
2021-05-07 16:32:12.132 [Thread-0] INFO  com.backinfile.knightProj.core.net.netty.Client.startClient(Client.java:58) - start connect:9660
2021-05-07 16:32:12.253 [nioEventLoopGroup-2-1] INFO  com.backinfile.knightProj.core.net.netty.ClientHandler.channelActive(ClientHandler.java:14) - channelActive
2021-05-07 16:32:12.257 [Thread-0] INFO  com.backinfile.knightProj.core.net.netty.Client.startClient(Client.java:61) - connected: 127.0.0.1:9660
2021-05-07 16:38:18.518 [nioEventLoopGroup-2-1] WARN  io.netty.channel.DefaultChannelPipeline.onUnhandledInboundException(DefaultChannelPipeline.java:1163) - An exceptionCaught() event was fired, and it reached at the tail of the pipeline. It usually means the last handler in the pipeline did not handle the exception.
java.io.IOException: 杩绋涓绘哄己杩抽浜涓涓版杩ャ?
	at sun.nio.ch.SocketDispatcher.read0(Native Method) ~[?:?]
	at sun.nio.ch.SocketDispatcher.read(Unknown Source) ~[?:?]
	at sun.nio.ch.IOUtil.readIntoNativeBuffer(Unknown Source) ~[?:?]
	at sun.nio.ch.IOUtil.read(Unknown Source) ~[?:?]
	at sun.nio.ch.IOUtil.read(Unknown Source) ~[?:?]
	at sun.nio.ch.SocketChannelImpl.read(Unknown Source) ~[?:?]
	at io.netty.buffer.PooledUnsafeDirectByteBuf.setBytes(PooledUnsafeDirectByteBuf.java:288) ~[netty-all-4.1.33.Final.jar:4.1.33.Final]
	at io.netty.buffer.AbstractByteBuf.writeBytes(AbstractByteBuf.java:1132) ~[netty-all-4.1.33.Final.jar:4.1.33.Final]
	at io.netty.channel.socket.nio.NioSocketChannel.doReadBytes(NioSocketChannel.java:347) ~[netty-all-4.1.33.Final.jar:4.1.33.Final]
	at io.netty.channel.nio.AbstractNioByteChannel$NioByteUnsafe.read(AbstractNioByteChannel.java:148) [netty-all-4.1.33.Final.jar:4.1.33.Final]
	at io.netty.channel.nio.NioEventLoop.processSelectedKey(NioEventLoop.java:677) [netty-all-4.1.33.Final.jar:4.1.33.Final]
	at io.netty.channel.nio.NioEventLoop.processSelectedKeysOptimized(NioEventLoop.java:612) [netty-all-4.1.33.Final.jar:4.1.33.Final]
	at io.netty.channel.nio.NioEventLoop.processSelectedKeys(NioEventLoop.java:529) [netty-all-4.1.33.Final.jar:4.1.33.Final]
	at io.netty.channel.nio.NioEventLoop.run(NioEventLoop.java:491) [netty-all-4.1.33.Final.jar:4.1.33.Final]
	at io.netty.util.concurrent.SingleThreadEventExecutor$5.run(SingleThreadEventExecutor.java:905) [netty-all-4.1.33.Final.jar:4.1.33.Final]
	at io.netty.util.concurrent.FastThreadLocalRunnable.run(FastThreadLocalRunnable.java:30) [netty-all-4.1.33.Final.jar:4.1.33.Final]
	at java.lang.Thread.run(Unknown Source) [?:?]
2021-05-07 16:38:18.526 [nioEventLoopGroup-2-1] ERROR com.backinfile.knightProj.core.net.netty.ExceptionHandler.exceptionCaught(ExceptionHandler.java:18) - exceptionCaught 杩绋涓绘哄己杩抽浜涓涓版杩ャ?
2021-05-07 16:38:18.529 [nioEventLoopGroup-2-1] INFO  com.backinfile.knightProj.core.net.netty.ClientHandler.exceptionCaught(ClientHandler.java:35) - exceptionCaught
2021-05-07 16:38:18.536 [nioEventLoopGroup-2-1] INFO  com.backinfile.knightProj.core.net.netty.ClientHandler.channelInactive(ClientHandler.java:21) - channelInactive
2021-05-07 16:38:29.606 [main] INFO  com.backinfile.knightProj.seam.CommandlineClientLauncher.main(CommandlineClientLauncher.java:16) - 消息注册中...
2021-05-07 16:38:29.683 [main] INFO  com.backinfile.knightProj.seam.CommandlineClientLauncher.main(CommandlineClientLauncher.java:19) - 事件注册中...
2021-05-07 16:38:29.730 [main] INFO  com.backinfile.knightProj.seam.CommandlineClientLauncher.main(CommandlineClientLauncher.java:22) - 序列化注册中...
2021-05-07 16:38:29.763 [main] INFO  com.backinfile.knightProj.seam.CommandlineClientLauncher.main(CommandlineClientLauncher.java:25) - 客户端启动中...
2021-05-07 16:38:29.883 [Thread-0] INFO  com.backinfile.knightProj.core.net.netty.Client.startClient(Client.java:58) - start connect:9660
2021-05-07 16:38:30.004 [nioEventLoopGroup-2-1] INFO  com.backinfile.knightProj.core.net.netty.ClientHandler.channelActive(ClientHandler.java:14) - channelActive
2021-05-07 16:38:30.008 [Thread-0] INFO  com.backinfile.knightProj.core.net.netty.Client.startClient(Client.java:61) - connected: 127.0.0.1:9660
2021-05-07 16:40:20.344 [nioEventLoopGroup-2-1] WARN  io.netty.channel.DefaultChannelPipeline.onUnhandledInboundException(DefaultChannelPipeline.java:1163) - An exceptionCaught() event was fired, and it reached at the tail of the pipeline. It usually means the last handler in the pipeline did not handle the exception.
java.io.IOException: 杩绋涓绘哄己杩抽浜涓涓版杩ャ?
	at sun.nio.ch.SocketDispatcher.read0(Native Method) ~[?:?]
	at sun.nio.ch.SocketDispatcher.read(Unknown Source) ~[?:?]
	at sun.nio.ch.IOUtil.readIntoNativeBuffer(Unknown Source) ~[?:?]
	at sun.nio.ch.IOUtil.read(Unknown Source) ~[?:?]
	at sun.nio.ch.IOUtil.read(Unknown Source) ~[?:?]
	at sun.nio.ch.SocketChannelImpl.read(Unknown Source) ~[?:?]
	at io.netty.buffer.PooledUnsafeDirectByteBuf.setBytes(PooledUnsafeDirectByteBuf.java:288) ~[netty-all-4.1.33.Final.jar:4.1.33.Final]
	at io.netty.buffer.AbstractByteBuf.writeBytes(AbstractByteBuf.java:1132) ~[netty-all-4.1.33.Final.jar:4.1.33.Final]
	at io.netty.channel.socket.nio.NioSocketChannel.doReadBytes(NioSocketChannel.java:347) ~[netty-all-4.1.33.Final.jar:4.1.33.Final]
	at io.netty.channel.nio.AbstractNioByteChannel$NioByteUnsafe.read(AbstractNioByteChannel.java:148) [netty-all-4.1.33.Final.jar:4.1.33.Final]
	at io.netty.channel.nio.NioEventLoop.processSelectedKey(NioEventLoop.java:677) [netty-all-4.1.33.Final.jar:4.1.33.Final]
	at io.netty.channel.nio.NioEventLoop.processSelectedKeysOptimized(NioEventLoop.java:612) [netty-all-4.1.33.Final.jar:4.1.33.Final]
	at io.netty.channel.nio.NioEventLoop.processSelectedKeys(NioEventLoop.java:529) [netty-all-4.1.33.Final.jar:4.1.33.Final]
	at io.netty.channel.nio.NioEventLoop.run(NioEventLoop.java:491) [netty-all-4.1.33.Final.jar:4.1.33.Final]
	at io.netty.util.concurrent.SingleThreadEventExecutor$5.run(SingleThreadEventExecutor.java:905) [netty-all-4.1.33.Final.jar:4.1.33.Final]
	at io.netty.util.concurrent.FastThreadLocalRunnable.run(FastThreadLocalRunnable.java:30) [netty-all-4.1.33.Final.jar:4.1.33.Final]
	at java.lang.Thread.run(Unknown Source) [?:?]
2021-05-07 16:40:20.348 [nioEventLoopGroup-2-1] ERROR com.backinfile.knightProj.core.net.netty.ExceptionHandler.exceptionCaught(ExceptionHandler.java:18) - exceptionCaught 杩绋涓绘哄己杩抽浜涓涓版杩ャ?
2021-05-07 16:40:20.350 [nioEventLoopGroup-2-1] INFO  com.backinfile.knightProj.core.net.netty.ClientHandler.exceptionCaught(ClientHandler.java:35) - exceptionCaught
2021-05-07 16:40:20.357 [nioEventLoopGroup-2-1] INFO  com.backinfile.knightProj.core.net.netty.ClientHandler.channelInactive(ClientHandler.java:21) - channelInactive
2021-05-07 16:41:38.141 [main] INFO  com.backinfile.knightProj.seam.CommandlineClientLauncher.main(CommandlineClientLauncher.java:16) - 消息注册中...
2021-05-07 16:41:38.215 [main] INFO  com.backinfile.knightProj.seam.CommandlineClientLauncher.main(CommandlineClientLauncher.java:19) - 事件注册中...
2021-05-07 16:41:38.264 [main] INFO  com.backinfile.knightProj.seam.CommandlineClientLauncher.main(CommandlineClientLauncher.java:22) - 序列化注册中...
2021-05-07 16:41:38.296 [main] INFO  com.backinfile.knightProj.seam.CommandlineClientLauncher.main(CommandlineClientLauncher.java:25) - 客户端启动中...
2021-05-07 16:41:38.415 [Thread-0] INFO  com.backinfile.knightProj.core.net.netty.Client.startClient(Client.java:58) - start connect:9660
2021-05-07 16:41:39.532 [nioEventLoopGroup-2-1] ERROR com.backinfile.knightProj.core.net.netty.ExceptionHandler$1.operationComplete(ExceptionHandler.java:28) - connect failed
2021-05-07 16:41:52.841 [main] INFO  com.backinfile.knightProj.seam.CommandlineClientLauncher.main(CommandlineClientLauncher.java:16) - 消息注册中...
2021-05-07 16:41:52.916 [main] INFO  com.backinfile.knightProj.seam.CommandlineClientLauncher.main(CommandlineClientLauncher.java:19) - 事件注册中...
2021-05-07 16:41:52.963 [main] INFO  com.backinfile.knightProj.seam.CommandlineClientLauncher.main(CommandlineClientLauncher.java:22) - 序列化注册中...
2021-05-07 16:41:52.995 [main] INFO  com.backinfile.knightProj.seam.CommandlineClientLauncher.main(CommandlineClientLauncher.java:25) - 客户端启动中...
2021-05-07 16:41:53.111 [Thread-0] INFO  com.backinfile.knightProj.core.net.netty.Client.startClient(Client.java:58) - start connect:9660
2021-05-07 16:41:53.230 [nioEventLoopGroup-2-1] INFO  com.backinfile.knightProj.core.net.netty.ClientHandler.channelActive(ClientHandler.java:14) - channelActive
2021-05-07 16:41:53.233 [Thread-0] INFO  com.backinfile.knightProj.core.net.netty.Client.startClient(Client.java:61) - connected: 127.0.0.1:9660
2021-05-07 16:44:00.994 [main] INFO  com.backinfile.knightProj.seam.CommandlineClientLauncher.main(CommandlineClientLauncher.java:16) - 消息注册中...
2021-05-07 16:44:01.068 [main] INFO  com.backinfile.knightProj.seam.CommandlineClientLauncher.main(CommandlineClientLauncher.java:19) - 事件注册中...
2021-05-07 16:44:01.115 [main] INFO  com.backinfile.knightProj.seam.CommandlineClientLauncher.main(CommandlineClientLauncher.java:22) - 序列化注册中...
2021-05-07 16:44:01.147 [main] INFO  com.backinfile.knightProj.seam.CommandlineClientLauncher.main(CommandlineClientLauncher.java:25) - 客户端启动中...
2021-05-07 16:44:01.263 [Thread-0] INFO  com.backinfile.knightProj.core.net.netty.Client.startClient(Client.java:58) - start connect:9660
2021-05-07 16:44:01.384 [Thread-0] INFO  com.backinfile.knightProj.core.net.netty.Client.startClient(Client.java:61) - connected: 127.0.0.1:9660
2021-05-07 16:44:01.384 [nioEventLoopGroup-2-1] INFO  com.backinfile.knightProj.core.net.netty.ClientHandler.channelActive(ClientHandler.java:17) - channelActive
2021-05-07 16:44:01.495 [nioEventLoopGroup-2-1] INFO  com.backinfile.knightProj.core.net.netty.ClientHandler.channelRead(ClientHandler.java:33) - channelRead
2021-05-07 16:46:15.736 [main] INFO  com.backinfile.knightProj.seam.CommandlineClientLauncher.main(CommandlineClientLauncher.java:16) - 消息注册中...
2021-05-07 16:46:15.812 [main] INFO  com.backinfile.knightProj.seam.CommandlineClientLauncher.main(CommandlineClientLauncher.java:19) - 事件注册中...
2021-05-07 16:46:15.861 [main] INFO  com.backinfile.knightProj.seam.CommandlineClientLauncher.main(CommandlineClientLauncher.java:22) - 序列化注册中...
2021-05-07 16:46:15.894 [main] INFO  com.backinfile.knightProj.seam.CommandlineClientLauncher.main(CommandlineClientLauncher.java:25) - 客户端启动中...
2021-05-07 16:46:16.015 [Thread-0] INFO  com.backinfile.knightProj.core.net.netty.Client.startClient(Client.java:58) - start connect:9660
2021-05-07 16:46:16.136 [nioEventLoopGroup-2-1] INFO  com.backinfile.knightProj.core.net.netty.ClientHandler.channelActive(ClientHandler.java:17) - channelActive
2021-05-07 16:46:16.136 [Thread-0] INFO  com.backinfile.knightProj.core.net.netty.Client.startClient(Client.java:61) - connected: 127.0.0.1:9660
2021-05-07 16:46:16.341 [nioEventLoopGroup-2-1] INFO  com.backinfile.knightProj.core.net.netty.ClientHandler.channelRead(ClientHandler.java:33) - channelRead
2021-05-07 16:47:25.609 [nioEventLoopGroup-2-1] WARN  io.netty.channel.DefaultChannelPipeline.onUnhandledInboundException(DefaultChannelPipeline.java:1163) - An exceptionCaught() event was fired, and it reached at the tail of the pipeline. It usually means the last handler in the pipeline did not handle the exception.
java.io.IOException: 杩绋涓绘哄己杩抽浜涓涓版杩ャ?
	at sun.nio.ch.SocketDispatcher.read0(Native Method) ~[?:?]
	at sun.nio.ch.SocketDispatcher.read(Unknown Source) ~[?:?]
	at sun.nio.ch.IOUtil.readIntoNativeBuffer(Unknown Source) ~[?:?]
	at sun.nio.ch.IOUtil.read(Unknown Source) ~[?:?]
	at sun.nio.ch.IOUtil.read(Unknown Source) ~[?:?]
	at sun.nio.ch.SocketChannelImpl.read(Unknown Source) ~[?:?]
	at io.netty.buffer.PooledUnsafeDirectByteBuf.setBytes(PooledUnsafeDirectByteBuf.java:288) ~[netty-all-4.1.33.Final.jar:4.1.33.Final]
	at io.netty.buffer.AbstractByteBuf.writeBytes(AbstractByteBuf.java:1132) ~[netty-all-4.1.33.Final.jar:4.1.33.Final]
	at io.netty.channel.socket.nio.NioSocketChannel.doReadBytes(NioSocketChannel.java:347) ~[netty-all-4.1.33.Final.jar:4.1.33.Final]
	at io.netty.channel.nio.AbstractNioByteChannel$NioByteUnsafe.read(AbstractNioByteChannel.java:148) [netty-all-4.1.33.Final.jar:4.1.33.Final]
	at io.netty.channel.nio.NioEventLoop.processSelectedKey(NioEventLoop.java:677) [netty-all-4.1.33.Final.jar:4.1.33.Final]
	at io.netty.channel.nio.NioEventLoop.processSelectedKeysOptimized(NioEventLoop.java:612) [netty-all-4.1.33.Final.jar:4.1.33.Final]
	at io.netty.channel.nio.NioEventLoop.processSelectedKeys(NioEventLoop.java:529) [netty-all-4.1.33.Final.jar:4.1.33.Final]
	at io.netty.channel.nio.NioEventLoop.run(NioEventLoop.java:491) [netty-all-4.1.33.Final.jar:4.1.33.Final]
	at io.netty.util.concurrent.SingleThreadEventExecutor$5.run(SingleThreadEventExecutor.java:905) [netty-all-4.1.33.Final.jar:4.1.33.Final]
	at io.netty.util.concurrent.FastThreadLocalRunnable.run(FastThreadLocalRunnable.java:30) [netty-all-4.1.33.Final.jar:4.1.33.Final]
	at java.lang.Thread.run(Unknown Source) [?:?]
2021-05-07 16:47:25.615 [nioEventLoopGroup-2-1] ERROR com.backinfile.knightProj.core.net.netty.ExceptionHandler.exceptionCaught(ExceptionHandler.java:18) - exceptionCaught 杩绋涓绘哄己杩抽浜涓涓版杩ャ?
2021-05-07 16:47:25.617 [nioEventLoopGroup-2-1] INFO  com.backinfile.knightProj.core.net.netty.ClientHandler.exceptionCaught(ClientHandler.java:40) - exceptionCaught
2021-05-07 16:47:25.623 [nioEventLoopGroup-2-1] INFO  com.backinfile.knightProj.core.net.netty.ClientHandler.channelInactive(ClientHandler.java:26) - channelInactive
2021-05-07 16:47:32.848 [main] INFO  com.backinfile.knightProj.seam.CommandlineClientLauncher.main(CommandlineClientLauncher.java:16) - 消息注册中...
2021-05-07 16:47:32.922 [main] INFO  com.backinfile.knightProj.seam.CommandlineClientLauncher.main(CommandlineClientLauncher.java:19) - 事件注册中...
2021-05-07 16:47:32.971 [main] INFO  com.backinfile.knightProj.seam.CommandlineClientLauncher.main(CommandlineClientLauncher.java:22) - 序列化注册中...
2021-05-07 16:47:33.003 [main] INFO  com.backinfile.knightProj.seam.CommandlineClientLauncher.main(CommandlineClientLauncher.java:25) - 客户端启动中...
2021-05-07 16:47:33.126 [Thread-0] INFO  com.backinfile.knightProj.core.net.netty.Client.startClient(Client.java:58) - start connect:9660
2021-05-07 16:47:33.249 [nioEventLoopGroup-2-1] INFO  com.backinfile.knightProj.core.net.netty.ClientHandler.channelActive(ClientHandler.java:17) - channelActive
2021-05-07 16:47:33.252 [Thread-0] INFO  com.backinfile.knightProj.core.net.netty.Client.startClient(Client.java:61) - connected: 127.0.0.1:9660
2021-05-07 16:47:33.448 [nioEventLoopGroup-2-1] INFO  com.backinfile.knightProj.core.net.netty.ClientHandler.channelRead(ClientHandler.java:33) - channelRead
2021-05-07 16:50:25.893 [nioEventLoopGroup-2-1] WARN  io.netty.channel.DefaultChannelPipeline.onUnhandledInboundException(DefaultChannelPipeline.java:1163) - An exceptionCaught() event was fired, and it reached at the tail of the pipeline. It usually means the last handler in the pipeline did not handle the exception.
java.io.IOException: 杩绋涓绘哄己杩抽浜涓涓版杩ャ?
	at sun.nio.ch.SocketDispatcher.read0(Native Method) ~[?:?]
	at sun.nio.ch.SocketDispatcher.read(Unknown Source) ~[?:?]
	at sun.nio.ch.IOUtil.readIntoNativeBuffer(Unknown Source) ~[?:?]
	at sun.nio.ch.IOUtil.read(Unknown Source) ~[?:?]
	at sun.nio.ch.IOUtil.read(Unknown Source) ~[?:?]
	at sun.nio.ch.SocketChannelImpl.read(Unknown Source) ~[?:?]
	at io.netty.buffer.PooledUnsafeDirectByteBuf.setBytes(PooledUnsafeDirectByteBuf.java:288) ~[netty-all-4.1.33.Final.jar:4.1.33.Final]
	at io.netty.buffer.AbstractByteBuf.writeBytes(AbstractByteBuf.java:1132) ~[netty-all-4.1.33.Final.jar:4.1.33.Final]
	at io.netty.channel.socket.nio.NioSocketChannel.doReadBytes(NioSocketChannel.java:347) ~[netty-all-4.1.33.Final.jar:4.1.33.Final]
	at io.netty.channel.nio.AbstractNioByteChannel$NioByteUnsafe.read(AbstractNioByteChannel.java:148) [netty-all-4.1.33.Final.jar:4.1.33.Final]
	at io.netty.channel.nio.NioEventLoop.processSelectedKey(NioEventLoop.java:677) [netty-all-4.1.33.Final.jar:4.1.33.Final]
	at io.netty.channel.nio.NioEventLoop.processSelectedKeysOptimized(NioEventLoop.java:612) [netty-all-4.1.33.Final.jar:4.1.33.Final]
	at io.netty.channel.nio.NioEventLoop.processSelectedKeys(NioEventLoop.java:529) [netty-all-4.1.33.Final.jar:4.1.33.Final]
	at io.netty.channel.nio.NioEventLoop.run(NioEventLoop.java:491) [netty-all-4.1.33.Final.jar:4.1.33.Final]
	at io.netty.util.concurrent.SingleThreadEventExecutor$5.run(SingleThreadEventExecutor.java:905) [netty-all-4.1.33.Final.jar:4.1.33.Final]
	at io.netty.util.concurrent.FastThreadLocalRunnable.run(FastThreadLocalRunnable.java:30) [netty-all-4.1.33.Final.jar:4.1.33.Final]
	at java.lang.Thread.run(Unknown Source) [?:?]
2021-05-07 16:50:25.901 [nioEventLoopGroup-2-1] ERROR com.backinfile.knightProj.core.net.netty.ExceptionHandler.exceptionCaught(ExceptionHandler.java:18) - exceptionCaught 杩绋涓绘哄己杩抽浜涓涓版杩ャ?
2021-05-07 16:50:25.904 [nioEventLoopGroup-2-1] INFO  com.backinfile.knightProj.core.net.netty.ClientHandler.exceptionCaught(ClientHandler.java:40) - exceptionCaught
2021-05-07 16:50:25.910 [nioEventLoopGroup-2-1] INFO  com.backinfile.knightProj.core.net.netty.ClientHandler.channelInactive(ClientHandler.java:26) - channelInactive
2021-05-07 16:51:33.373 [main] INFO  com.backinfile.knightProj.seam.CommandlineClientLauncher.main(CommandlineClientLauncher.java:16) - 消息注册中...
2021-05-07 16:51:33.449 [main] INFO  com.backinfile.knightProj.seam.CommandlineClientLauncher.main(CommandlineClientLauncher.java:19) - 事件注册中...
2021-05-07 16:51:33.497 [main] INFO  com.backinfile.knightProj.seam.CommandlineClientLauncher.main(CommandlineClientLauncher.java:22) - 序列化注册中...
2021-05-07 16:51:33.529 [main] INFO  com.backinfile.knightProj.seam.CommandlineClientLauncher.main(CommandlineClientLauncher.java:25) - 客户端启动中...
2021-05-07 16:51:33.649 [Thread-0] INFO  com.backinfile.knightProj.core.net.netty.Client.startClient(Client.java:58) - start connect:9660
2021-05-07 16:51:33.775 [nioEventLoopGroup-2-1] INFO  com.backinfile.knightProj.core.net.netty.ClientHandler.channelActive(ClientHandler.java:17) - channelActive
2021-05-07 16:51:33.776 [Thread-0] INFO  com.backinfile.knightProj.core.net.netty.Client.startClient(Client.java:61) - connected: 127.0.0.1:9660
2021-05-07 16:51:33.984 [nioEventLoopGroup-2-1] INFO  com.backinfile.knightProj.core.net.netty.ClientHandler.channelRead(ClientHandler.java:33) - channelRead
