2021-03-04 15:08:21.878 (ResourceManager.java:31) [GAME][INFO] start loading resource...
2021-03-04 15:08:22.139 (ResourceManager.java:46) [GAME][INFO] resource loading complete
2021-03-04 15:08:22.139 (GameServer.java:30) [GAME][INFO] GameServer start
2021-03-04 15:08:22.140 (GameServer.java:31) [GAME][ERROR] GameServer start
com.backinfile.core.SysException
	at com.backinfile.seam.GameServer.start(GameServer.java:31)
	at com.backinfile.client.screen.TestScreen.init(TestScreen.java:23)
	at com.backinfile.seam.GameStartup.create(GameStartup.java:26)
	at com.badlogic.gdx.backends.lwjgl.LwjglApplication.mainLoop(LwjglApplication.java:143)
	at com.badlogic.gdx.backends.lwjgl.LwjglApplication$1.run(LwjglApplication.java:120)

2021-03-04 15:08:22.144 (GameClient.java:52) [GAME][INFO] GameClient start
2021-03-04 15:08:22.145 (GameClient.java:66) [NET][INFO] connecting server..(the 1th times)
2021-03-04 15:08:22.149 (GameClient.java:70) [NET][INFO] connect server success
2021-03-04 15:08:22.150 (GameServer.java:61) [GAME][INFO] new connection addr:/127.0.0.1:63669
2021-03-04 15:08:22.164 (TestStage.java:23) [TEST][INFO] show image
2021-03-04 15:08:22.233 (GameClient.java:102) [GAME][INFO] connect server success addr:localhost/127.0.0.1:9660
2021-03-04 15:08:30.057 (GameStartup.java:39) [GAME][INFO] game exit
2021-03-04 15:11:39.766 (ResourceManager.java:31) [GAME][INFO] start loading resource...
2021-03-04 15:11:40.031 (ResourceManager.java:46) [GAME][INFO] resource loading complete
2021-03-04 15:11:40.031 (GameServer.java:30) [GAME][INFO] GameServer start
2021-03-04 15:11:40.032 (GameServer.java:31) [GAME][ERROR] GameServer start
com.backinfile.core.SysException
	at com.backinfile.seam.GameServer.start(GameServer.java:31)
	at com.backinfile.client.screen.TestScreen.init(TestScreen.java:23)
	at com.backinfile.seam.GameStartup.create(GameStartup.java:26)
	at com.badlogic.gdx.backends.lwjgl.LwjglApplication.mainLoop(LwjglApplication.java:143)
	at com.badlogic.gdx.backends.lwjgl.LwjglApplication$1.run(LwjglApplication.java:120)

2021-03-04 15:11:40.036 (GameClient.java:52) [GAME][INFO] GameClient start
2021-03-04 15:11:40.037 (GameClient.java:66) [NET][INFO] connecting server..(the 1th times)
2021-03-04 15:11:40.041 (GameClient.java:70) [NET][INFO] connect server success
2021-03-04 15:11:40.042 (GameServer.java:61) [GAME][INFO] new connection addr:/127.0.0.1:64064
2021-03-04 15:11:40.056 (TestStage.java:23) [TEST][INFO] show image
2021-03-04 15:11:40.071 (GameClient.java:102) [GAME][INFO] connect server success addr:localhost/127.0.0.1:9660
2021-03-04 15:11:43.593 (GameStartup.java:39) [GAME][INFO] game exit
2021-03-04 15:11:52.682 (ResourceManager.java:31) [GAME][INFO] start loading resource...
2021-03-04 15:11:52.950 (ResourceManager.java:46) [GAME][INFO] resource loading complete
2021-03-04 15:11:52.950 (GameServer.java:30) [GAME][INFO] GameServer start
2021-03-04 15:11:52.951 (GameServer.java:31) [GAME][ERROR] GameServer start
com.backinfile.core.SysException
	at com.backinfile.seam.GameServer.start(GameServer.java:31)
	at com.backinfile.client.screen.TestScreen.init(TestScreen.java:23)
	at com.backinfile.seam.GameStartup.create(GameStartup.java:26)
	at com.badlogic.gdx.backends.lwjgl.LwjglApplication.mainLoop(LwjglApplication.java:143)
	at com.badlogic.gdx.backends.lwjgl.LwjglApplication$1.run(LwjglApplication.java:120)

2021-03-04 15:11:52.955 (GameClient.java:52) [GAME][INFO] GameClient start
2021-03-04 15:11:52.956 (GameClient.java:66) [NET][INFO] connecting server..(the 1th times)
2021-03-04 15:11:52.961 (GameClient.java:70) [NET][INFO] connect server success
2021-03-04 15:11:52.961 (GameServer.java:61) [GAME][INFO] new connection addr:/127.0.0.1:64082
2021-03-04 15:11:52.975 (TestStage.java:23) [TEST][INFO] show image
2021-03-04 15:11:52.989 (GameClient.java:102) [GAME][INFO] connect server success addr:localhost/127.0.0.1:9660
2021-03-04 15:11:59.169 (GameStartup.java:39) [GAME][INFO] game exit
